# JRE version: OpenJDK Runtime Environment Temurin-17.0.15+6 (17.0.15+6) (build 17.0.15+6)
# Java VM: OpenJDK 64-Bit Server VM Temurin-17.0.15+6 (17.0.15+6, mixed mode, sharing, tiered, compressed oops, compressed class ptrs, g1 gc, windows-amd64)
GC Precious Log:
 CPUs: 12 total, 12 available
 Memory: 32692M
 Large Page Support: Disabled
 NUMA Support: Disabled
 Compressed Oops: Enabled (Zero based)
 Heap Region Size: 4M
 Heap Min Capacity: 8M
 Heap Initial Capacity: 512M
 Heap Max Capacity: 8176M
 Pre-touch: Disabled
 Parallel Workers: 10
 Concurrent Workers: 3
 Concurrent Refinement Workers: 10
 Periodic GC: Disabled
Heap:
 garbage-first heap   total 233472K, used 60569K [0x0000000601000000, 0x0000000800000000)
  region size 4096K, 4 young (16384K), 1 survivors (4096K)
 Metaspace       used 78234K, committed 78848K, reserved 1179648K
  class space    used 10793K, committed 11072K, reserved 1048576K
GC Heap History (20 events):
Event: 6.884 GC heap before
{Heap before GC invocations=16 (full 0):
 garbage-first heap   total 81920K, used 61679K [0x0000000601000000, 0x0000000800000000)
  region size 4096K, 9 young (36864K), 2 survivors (8192K)
 Metaspace       used 72532K, committed 73216K, reserved 1114112K
  class space    used 9838K, committed 10176K, reserved 1048576K
}
Event: 6.888 GC heap after
{Heap after GC invocations=17 (full 0):
 garbage-first heap   total 81920K, used 38003K [0x0000000601000000, 0x0000000800000000)
  region size 4096K, 2 young (8192K), 2 survivors (8192K)
 Metaspace       used 72532K, committed 73216K, reserved 1114112K
  class space    used 9838K, committed 10176K, reserved 1048576K
}
Event: 6.973 GC heap before
{Heap before GC invocations=17 (full 0):
 garbage-first heap   total 81920K, used 58483K [0x0000000601000000, 0x0000000800000000)
  region size 4096K, 7 young (28672K), 2 survivors (8192K)
 Metaspace       used 72540K, committed 73216K, reserved 1114112K
  class space    used 9838K, committed 10176K, reserved 1048576K
}
Event: 6.976 GC heap after
{Heap after GC invocations=18 (full 0):
 garbage-first heap   total 81920K, used 38995K [0x0000000601000000, 0x0000000800000000)
  region size 4096K, 1 young (4096K), 1 survivors (4096K)
 Metaspace       used 72540K, committed 73216K, reserved 1114112K
  class space    used 9838K, committed 10176K, reserved 1048576K
}
Event: 7.102 GC heap before
{Heap before GC invocations=18 (full 0):
 garbage-first heap   total 81920K, used 59475K [0x0000000601000000, 0x0000000800000000)
  region size 4096K, 6 young (24576K), 1 survivors (4096K)
 Metaspace       used 74257K, committed 74880K, reserved 1114112K
  class space    used 10204K, committed 10496K, reserved 1048576K
}
Event: 7.105 GC heap after
{Heap after GC invocations=19 (full 0):
 garbage-first heap   total 81920K, used 44361K [0x0000000601000000, 0x0000000800000000)
  region size 4096K, 1 young (4096K), 1 survivors (4096K)
 Metaspace       used 74257K, committed 74880K, reserved 1114112K
  class space    used 10204K, committed 10496K, reserved 1048576K
}
Event: 7.158 GC heap before
{Heap before GC invocations=20 (full 0):
 garbage-first heap   total 90112K, used 60745K [0x0000000601000000, 0x0000000800000000)
  region size 4096K, 5 young (20480K), 1 survivors (4096K)
 Metaspace       used 74257K, committed 74880K, reserved 1114112K
  class space    used 10204K, committed 10496K, reserved 1048576K
}
Event: 7.162 GC heap after
{Heap after GC invocations=21 (full 0):
 garbage-first heap   total 90112K, used 48250K [0x0000000601000000, 0x0000000800000000)
  region size 4096K, 1 young (4096K), 1 survivors (4096K)
 Metaspace       used 74257K, committed 74880K, reserved 1114112K
  class space    used 10204K, committed 10496K, reserved 1048576K
}
Event: 7.247 GC heap before
{Heap before GC invocations=21 (full 0):
 garbage-first heap   total 90112K, used 64634K [0x0000000601000000, 0x0000000800000000)
  region size 4096K, 5 young (20480K), 1 survivors (4096K)
 Metaspace       used 74639K, committed 75264K, reserved 1114112K
  class space    used 10244K, committed 10560K, reserved 1048576K
}
Event: 7.248 GC heap after
{Heap after GC invocations=22 (full 0):
 garbage-first heap   total 90112K, used 45964K [0x0000000601000000, 0x0000000800000000)
  region size 4096K, 1 young (4096K), 1 survivors (4096K)
 Metaspace       used 74639K, committed 75264K, reserved 1114112K
  class space    used 10244K, committed 10560K, reserved 1048576K
}
Event: 7.353 GC heap before
{Heap before GC invocations=23 (full 0):
 garbage-first heap   total 98304K, used 62348K [0x0000000601000000, 0x0000000800000000)
  region size 4096K, 5 young (20480K), 1 survivors (4096K)
 Metaspace       used 75451K, committed 76096K, reserved 1179648K
  class space    used 10372K, committed 10688K, reserved 1048576K
}
Event: 7.356 GC heap after
{Heap after GC invocations=24 (full 0):
 garbage-first heap   total 98304K, used 48633K [0x0000000601000000, 0x0000000800000000)
  region size 4096K, 1 young (4096K), 1 survivors (4096K)
 Metaspace       used 75451K, committed 76096K, reserved 1179648K
  class space    used 10372K, committed 10688K, reserved 1048576K
}
Event: 7.398 GC heap before
{Heap before GC invocations=24 (full 0):
 garbage-first heap   total 98304K, used 69113K [0x0000000601000000, 0x0000000800000000)
  region size 4096K, 6 young (24576K), 1 survivors (4096K)
 Metaspace       used 75542K, committed 76160K, reserved 1179648K
  class space    used 10384K, committed 10688K, reserved 1048576K
}
Event: 7.399 GC heap after
{Heap after GC invocations=25 (full 0):
 garbage-first heap   total 311296K, used 46467K [0x0000000601000000, 0x0000000800000000)
  region size 4096K, 1 young (4096K), 1 survivors (4096K)
 Metaspace       used 75542K, committed 76160K, reserved 1179648K
  class space    used 10384K, committed 10688K, reserved 1048576K
}
Event: 7.990 GC heap before
{Heap before GC invocations=26 (full 0):
 garbage-first heap   total 233472K, used 210307K [0x0000000601000000, 0x0000000800000000)
  region size 4096K, 42 young (172032K), 1 survivors (4096K)
 Metaspace       used 77364K, committed 78016K, reserved 1179648K
  class space    used 10665K, committed 11008K, reserved 1048576K
}
Event: 7.992 GC heap after
{Heap after GC invocations=27 (full 0):
 garbage-first heap   total 233472K, used 50367K [0x0000000601000000, 0x0000000800000000)
  region size 4096K, 2 young (8192K), 2 survivors (8192K)
 Metaspace       used 77364K, committed 78016K, reserved 1179648K
  class space    used 10665K, committed 11008K, reserved 1048576K
}
Event: 7.999 GC heap before
{Heap before GC invocations=27 (full 0):
 garbage-first heap   total 233472K, used 54463K [0x0000000601000000, 0x0000000800000000)
  region size 4096K, 3 young (12288K), 2 survivors (8192K)
 Metaspace       used 77364K, committed 78016K, reserved 1179648K
  class space    used 10665K, committed 11008K, reserved 1048576K
}
Event: 8.002 GC heap after
{Heap after GC invocations=28 (full 0):
 garbage-first heap   total 233472K, used 50172K [0x0000000601000000, 0x0000000800000000)
  region size 4096K, 1 young (4096K), 1 survivors (4096K)
 Metaspace       used 77364K, committed 78016K, reserved 1179648K
  class space    used 10665K, committed 11008K, reserved 1048576K
}
Event: 8.230 GC heap before
{Heap before GC invocations=28 (full 0):
 garbage-first heap   total 233472K, used 181244K [0x0000000601000000, 0x0000000800000000)
  region size 4096K, 33 young (135168K), 1 survivors (4096K)
 Metaspace       used 77826K, committed 78464K, reserved 1179648K
  class space    used 10721K, committed 11072K, reserved 1048576K
}
Event: 8.232 GC heap after
{Heap after GC invocations=29 (full 0):
 garbage-first heap   total 233472K, used 52377K [0x0000000601000000, 0x0000000800000000)
  region size 4096K, 1 young (4096K), 1 survivors (4096K)
 Metaspace       used 77826K, committed 78464K, reserved 1179648K
  class space    used 10721K, committed 11072K, reserved 1048576K
}

